Using pre-set license
Built from '2020.3/staging' branch; Version is '2020.3.24f1 (79c78de19888) revision 7980941'; Using compiler version '192528614'; Build Type 'Release'
OS: 'Windows 10  (10.0.19043) 64bit Professional' Language: 'en' Physical Memory: 16315 MB
BatchMode: 1, IsHumanControllingUs: 0, StartBugReporterOnCrash: 0, Is64bit: 1, IsPro: 0

COMMAND LINE ARGUMENTS:
C:\Program Files\Unity\Hub\Editor\2020.3.24f1\Editor\Unity.exe
-adb2
-batchMode
-noUpm
-name
AssetImportWorker0
-projectPath
C:/Users/User/Documents/GitHub/Mushbits_Proto/Mushpits_Prototype
-logFile
Logs/AssetImportWorker0.log
-srvPort
63223
Successfully changed project path to: C:/Users/User/Documents/GitHub/Mushbits_Proto/Mushpits_Prototype
C:/Users/User/Documents/GitHub/Mushbits_Proto/Mushpits_Prototype
Using Asset Import Pipeline V2.
Refreshing native plugins compatible for Editor in 73.67 ms, found 2 plugins.
Preloading 0 native plugins for Editor in 0.00 ms.
Initialize engine version: 2020.3.24f1 (79c78de19888)
[Subsystems] Discovering subsystems at path C:/Program Files/Unity/Hub/Editor/2020.3.24f1/Editor/Data/Resources/UnitySubsystems
[Subsystems] Discovering subsystems at path C:/Users/User/Documents/GitHub/Mushbits_Proto/Mushpits_Prototype/Assets
GfxDevice: creating device client; threaded=0
Direct3D:
    Version:  Direct3D 11.0 [level 11.1]
    Renderer: NVIDIA GeForce GTX 1050 Ti (ID=0x1c82)
    Vendor:   
    VRAM:     4018 MB
    Driver:   30.0.14.7212
Initialize mono
Mono path[0] = 'C:/Program Files/Unity/Hub/Editor/2020.3.24f1/Editor/Data/Managed'
Mono path[1] = 'C:/Program Files/Unity/Hub/Editor/2020.3.24f1/Editor/Data/MonoBleedingEdge/lib/mono/unityjit'
Mono config path = 'C:/Program Files/Unity/Hub/Editor/2020.3.24f1/Editor/Data/MonoBleedingEdge/etc'
Using monoOptions --debugger-agent=transport=dt_socket,embedding=1,server=y,suspend=n,address=127.0.0.1:56128
Begin MonoManager ReloadAssembly
Registering precompiled unity dll's ...
Register platform support module: C:/Program Files/Unity/Hub/Editor/2020.3.24f1/Editor/Data/PlaybackEngines/WindowsStandaloneSupport/UnityEditor.WindowsStandalone.Extensions.dll
Registered in 0.001343 seconds.
Native extension for WindowsStandalone target not found
Refreshing native plugins compatible for Editor in 73.02 ms, found 2 plugins.
Preloading 0 native plugins for Editor in 0.00 ms.
Mono: successfully reloaded assembly
- Completed reload, in  0.712 seconds
Domain Reload Profiling:
	ReloadAssembly (712ms)
		BeginReloadAssembly (59ms)
			ExecutionOrderSort (0ms)
			DisableScriptedObjects (0ms)
			BackupInstance (0ms)
			ReleaseScriptingObjects (0ms)
			CreateAndSetChildDomain (1ms)
		EndReloadAssembly (568ms)
			LoadAssemblies (57ms)
			RebuildTransferFunctionScriptingTraits (0ms)
			SetupTypeCache (188ms)
			ReleaseScriptCaches (0ms)
			RebuildScriptCaches (34ms)
			SetupLoadedEditorAssemblies (232ms)
				LogAssemblyErrors (0ms)
				InitializePlatformSupportModulesInManaged (5ms)
				SetLoadedEditorAssemblies (0ms)
				RefreshPlugins (73ms)
				BeforeProcessingInitializeOnLoad (16ms)
				ProcessInitializeOnLoadAttributes (103ms)
				ProcessInitializeOnLoadMethodAttributes (35ms)
				AfterProcessingInitializeOnLoad (0ms)
				EditorAssembliesLoaded (0ms)
			ExecutionOrderSort2 (0ms)
			AwakeInstancesAfterBackupRestoration (0ms)
Platform modules already initialized, skipping
Registering precompiled user dll's ...
Registered in 0.005691 seconds.
Begin MonoManager ReloadAssembly
Native extension for WindowsStandalone target not found
Refreshing native plugins compatible for Editor in 77.38 ms, found 2 plugins.
Preloading 0 native plugins for Editor in 0.00 ms.
Mono: successfully reloaded assembly
- Completed reload, in  1.411 seconds
Domain Reload Profiling:
	ReloadAssembly (1412ms)
		BeginReloadAssembly (175ms)
			ExecutionOrderSort (0ms)
			DisableScriptedObjects (6ms)
			BackupInstance (0ms)
			ReleaseScriptingObjects (0ms)
			CreateAndSetChildDomain (23ms)
		EndReloadAssembly (1164ms)
			LoadAssemblies (109ms)
			RebuildTransferFunctionScriptingTraits (0ms)
			SetupTypeCache (394ms)
			ReleaseScriptCaches (1ms)
			RebuildScriptCaches (62ms)
			SetupLoadedEditorAssemblies (457ms)
				LogAssemblyErrors (0ms)
				InitializePlatformSupportModulesInManaged (4ms)
				SetLoadedEditorAssemblies (0ms)
				RefreshPlugins (77ms)
				BeforeProcessingInitializeOnLoad (102ms)
				ProcessInitializeOnLoadAttributes (259ms)
				ProcessInitializeOnLoadMethodAttributes (11ms)
				AfterProcessingInitializeOnLoad (3ms)
				EditorAssembliesLoaded (0ms)
			ExecutionOrderSort2 (0ms)
			AwakeInstancesAfterBackupRestoration (8ms)
Platform modules already initialized, skipping
========================================================================
Worker process is ready to serve import requests
Launched and connected shader compiler UnityShaderCompiler.exe after 0.04 seconds
Refreshing native plugins compatible for Editor in 1.01 ms, found 2 plugins.
Preloading 0 native plugins for Editor in 0.00 ms.
Unloading 2977 Unused Serialized files (Serialized files now loaded: 0)
System memory in use before: 205.0 MB.
System memory in use after: 205.2 MB.

Unloading 26 unused Assets to reduce memory usage. Loaded Objects now: 3424.
Total: 4.165400 ms (FindLiveObjects: 0.385400 ms CreateObjectMapping: 0.090500 ms MarkObjects: 3.592100 ms  DeleteObjects: 0.095200 ms)

AssetImportParameters requested are different than current active one (requested -> active):
  custom:framework-win-MediaFoundation: 216162199b28c13a410421893ffa2e32 -> 
  custom:video-decoder-ogg-theora: a1e56fd34408186e4bbccfd4996cb3dc -> 
  custom:container-muxer-webm: aa71ff27fc2769a1b78a27578f13a17b -> 
  custom:container-demuxer-webm: 4f35f7cbe854078d1ac9338744f61a02 -> 
  custom:container-demuxer-ogg: 62fdf1f143b41e24485cea50d1cbac27 -> 
  custom:video-encoder-webm-vp8: eb34c28f22e8b96e1ab97ce403110664 -> 
  custom:video-decoder-webm-vp8: 9c59270c3fd7afecdb556c50c9e8de78 -> 
  custom:audio-decoder-ogg-vorbis: bf7c407c2cedff20999df2af8eb42d56 -> 
  custom:audio-encoder-webm-vorbis: bf7c407c2cedff20999df2af8eb42d56 -> 
========================================================================
Received Import Request.
  path: Assets/Prefabs/Goals/Goal_Visual.prefab
  artifactKey: Guid(cf158d3e02c1eba4693595423a7b49b8) Importer(815301076,1909f56bfc062723c751e8b465ee728b)
Start importing Assets/Prefabs/Goals/Goal_Visual.prefab using Guid(cf158d3e02c1eba4693595423a7b49b8) Importer(815301076,1909f56bfc062723c751e8b465ee728b)  -> (artifact id: '4922fbe7df365d6dc187e5b8e4130950') in 0.268049 seconds 
  Import took 0.273204 seconds .

========================================================================
Received Import Request.
  Time since last request: 0.000150 seconds.
  path: Assets/Prefabs/Goals/Goal_Visual.prefab
  artifactKey: Guid(cf158d3e02c1eba4693595423a7b49b8) Importer(815301076,1909f56bfc062723c751e8b465ee728b)
Start importing Assets/Prefabs/Goals/Goal_Visual.prefab using Guid(cf158d3e02c1eba4693595423a7b49b8) Importer(815301076,1909f56bfc062723c751e8b465ee728b)  -> (artifact id: '1ccc0a61cfd6de05551e0b54194e56e8') in 0.012163 seconds 
  Import took 0.017220 seconds .

========================================================================
Received Import Request.
  Time since last request: 8.596065 seconds.
  path: Assets/Prefabs/Goals/Goal_Visual.prefab
  artifactKey: Guid(cf158d3e02c1eba4693595423a7b49b8) Importer(815301076,1909f56bfc062723c751e8b465ee728b)
Start importing Assets/Prefabs/Goals/Goal_Visual.prefab using Guid(cf158d3e02c1eba4693595423a7b49b8) Importer(815301076,1909f56bfc062723c751e8b465ee728b)  -> (artifact id: '6eca7c3976bb27146ae23576e526a100') in 0.011191 seconds 
  Import took 0.016391 seconds .

========================================================================
Received Import Request.
  Time since last request: 14.126713 seconds.
  path: Assets/Art/Sprites/Game/Goal/Fantik.png
  artifactKey: Guid(9204c56bde16ea34bbea2dbf5ceb3835) Importer(815301076,1909f56bfc062723c751e8b465ee728b)
Start importing Assets/Art/Sprites/Game/Goal/Fantik.png using Guid(9204c56bde16ea34bbea2dbf5ceb3835) Importer(815301076,1909f56bfc062723c751e8b465ee728b)  -> (artifact id: '2c933cc7579ec24f70401f04aa23c4f0') in 0.021326 seconds 
  Import took 0.026446 seconds .

========================================================================
Received Import Request.
  Time since last request: 4.566539 seconds.
  path: Assets/Art/Sprites/Game/Goal/Fantik.png
  artifactKey: Guid(9204c56bde16ea34bbea2dbf5ceb3835) Importer(815301076,1909f56bfc062723c751e8b465ee728b)
Start importing Assets/Art/Sprites/Game/Goal/Fantik.png using Guid(9204c56bde16ea34bbea2dbf5ceb3835) Importer(815301076,1909f56bfc062723c751e8b465ee728b)  -> (artifact id: '7ff38f4e9e403874b2ae7f2135f5d37e') in 0.022018 seconds 
  Import took 0.027126 seconds .

========================================================================
Received Import Request.
  Time since last request: 3.469473 seconds.
  path: Assets/Art/Sprites/Game/Goal/Fantik.png
  artifactKey: Guid(9204c56bde16ea34bbea2dbf5ceb3835) Importer(815301076,1909f56bfc062723c751e8b465ee728b)
Start importing Assets/Art/Sprites/Game/Goal/Fantik.png using Guid(9204c56bde16ea34bbea2dbf5ceb3835) Importer(815301076,1909f56bfc062723c751e8b465ee728b)  -> (artifact id: '87188a20132de3fe9e2a0d173b2ae398') in 0.011101 seconds 
  Import took 0.016476 seconds .

========================================================================
Received Import Request.
  Time since last request: 8.137872 seconds.
  path: Assets/Art/Sprites/Game/Goal/Fantik.png
  artifactKey: Guid(9204c56bde16ea34bbea2dbf5ceb3835) Importer(815301076,1909f56bfc062723c751e8b465ee728b)
Start importing Assets/Art/Sprites/Game/Goal/Fantik.png using Guid(9204c56bde16ea34bbea2dbf5ceb3835) Importer(815301076,1909f56bfc062723c751e8b465ee728b)  -> (artifact id: 'a055b352195a1821d1787654d948e385') in 0.013326 seconds 
  Import took 0.019215 seconds .

========================================================================
Received Import Request.
  Time since last request: 10.084138 seconds.
  path: Assets/Art/Materials/3DSprites/3DSprite 1.mat
  artifactKey: Guid(22a00941c910bd6479edc8a0bd928bee) Importer(815301076,1909f56bfc062723c751e8b465ee728b)
Start importing Assets/Art/Materials/3DSprites/3DSprite 1.mat using Guid(22a00941c910bd6479edc8a0bd928bee) Importer(815301076,1909f56bfc062723c751e8b465ee728b)  -> (artifact id: '5c553765995f89f5148cde881c478f5a') in 0.028282 seconds 
  Import took 0.033866 seconds .

========================================================================
Received Import Request.
  Time since last request: 4.489675 seconds.
  path: Assets/Art/Materials/3DSprites/3DSprite_Yellow.mat
  artifactKey: Guid(22a00941c910bd6479edc8a0bd928bee) Importer(815301076,1909f56bfc062723c751e8b465ee728b)
Start importing Assets/Art/Materials/3DSprites/3DSprite_Yellow.mat using Guid(22a00941c910bd6479edc8a0bd928bee) Importer(815301076,1909f56bfc062723c751e8b465ee728b)  -> (artifact id: 'dbf7ecdcbfd6c16e54d19ad2a42808dc') in 0.010163 seconds 
  Import took 0.015485 seconds .

========================================================================
Received Import Request.
  Time since last request: 17.283270 seconds.
  path: Assets/Art/Materials/3DSprites/3DSprite_Yellow.mat
  artifactKey: Guid(22a00941c910bd6479edc8a0bd928bee) Importer(815301076,1909f56bfc062723c751e8b465ee728b)
Start importing Assets/Art/Materials/3DSprites/3DSprite_Yellow.mat using Guid(22a00941c910bd6479edc8a0bd928bee) Importer(815301076,1909f56bfc062723c751e8b465ee728b)  -> (artifact id: '8b90e486e1136002cd0bff49f410d39b') in 0.008528 seconds 
  Import took 0.014812 seconds .

========================================================================
Received Prepare
Registering precompiled user dll's ...
Registered in 0.005551 seconds.
Begin MonoManager ReloadAssembly
Native extension for WindowsStandalone target not found
Refreshing native plugins compatible for Editor in 0.74 ms, found 2 plugins.
Preloading 0 native plugins for Editor in 0.00 ms.
Mono: successfully reloaded assembly
- Completed reload, in  1.303 seconds
Domain Reload Profiling:
	ReloadAssembly (1304ms)
		BeginReloadAssembly (151ms)
			ExecutionOrderSort (0ms)
			DisableScriptedObjects (8ms)
			BackupInstance (0ms)
			ReleaseScriptingObjects (0ms)
			CreateAndSetChildDomain (44ms)
		EndReloadAssembly (1079ms)
			LoadAssemblies (101ms)
			RebuildTransferFunctionScriptingTraits (0ms)
			SetupTypeCache (393ms)
			ReleaseScriptCaches (1ms)
			RebuildScriptCaches (50ms)
			SetupLoadedEditorAssemblies (353ms)
				LogAssemblyErrors (0ms)
				InitializePlatformSupportModulesInManaged (4ms)
				SetLoadedEditorAssemblies (1ms)
				RefreshPlugins (1ms)
				BeforeProcessingInitializeOnLoad (102ms)
				ProcessInitializeOnLoadAttributes (232ms)
				ProcessInitializeOnLoadMethodAttributes (11ms)
				AfterProcessingInitializeOnLoad (3ms)
				EditorAssembliesLoaded (0ms)
			ExecutionOrderSort2 (0ms)
			AwakeInstancesAfterBackupRestoration (19ms)
Platform modules already initialized, skipping
Switching build target platform(19) subTarget(0) extendedPlatform(0) -> platform(13) subTarget(537395200) extendedPlatform(0)
Refreshing native plugins compatible for Editor in 0.72 ms, found 2 plugins.
Preloading 0 native plugins for Editor in 0.00 ms.
Unloading 2857 Unused Serialized files (Serialized files now loaded: 0)
System memory in use before: 199.7 MB.
System memory in use after: 199.9 MB.

Unloading 21 unused Assets to reduce memory usage. Loaded Objects now: 3507.
Total: 4.326400 ms (FindLiveObjects: 0.338900 ms CreateObjectMapping: 0.086300 ms MarkObjects: 3.870000 ms  DeleteObjects: 0.029500 ms)

AssetImportParameters requested are different than current active one (requested -> active):
  custom:framework-win-MediaFoundation: 216162199b28c13a410421893ffa2e32 -> 
  custom:video-decoder-ogg-theora: a1e56fd34408186e4bbccfd4996cb3dc -> 
  custom:container-muxer-webm: aa71ff27fc2769a1b78a27578f13a17b -> 
  custom:container-demuxer-webm: 4f35f7cbe854078d1ac9338744f61a02 -> 
  custom:container-demuxer-ogg: 62fdf1f143b41e24485cea50d1cbac27 -> 
  custom:video-encoder-webm-vp8: eb34c28f22e8b96e1ab97ce403110664 -> 
  custom:video-decoder-webm-vp8: 9c59270c3fd7afecdb556c50c9e8de78 -> 
  custom:graphics/normal-map-encoding: 01000000000000000000000000000000 -> 02000000000000000000000000000000
  custom:audio-decoder-ogg-vorbis: bf7c407c2cedff20999df2af8eb42d56 -> 
  custom:audio-encoder-webm-vorbis: bf7c407c2cedff20999df2af8eb42d56 -> 
========================================================================
Received Import Request.
  Time since last request: 21.334318 seconds.
  path: Assets/Prefabs/Goals/Goal_Blue.prefab
  artifactKey: Guid(c7d2fd71a636d91478e622fc7f8909bd) Importer(815301076,1909f56bfc062723c751e8b465ee728b)
Start importing Assets/Prefabs/Goals/Goal_Blue.prefab using Guid(c7d2fd71a636d91478e622fc7f8909bd) Importer(815301076,1909f56bfc062723c751e8b465ee728b)  -> (artifact id: '93fc8f0e217da84a896dd76f2eb02243') in 0.208782 seconds 
  Import took 0.214686 seconds .

========================================================================
Received Import Request.
  Time since last request: 0.000295 seconds.
  path: Assets/Prefabs/Goals/Goal_Visual.prefab
  artifactKey: Guid(cf158d3e02c1eba4693595423a7b49b8) Importer(815301076,1909f56bfc062723c751e8b465ee728b)
Start importing Assets/Prefabs/Goals/Goal_Visual.prefab using Guid(cf158d3e02c1eba4693595423a7b49b8) Importer(815301076,1909f56bfc062723c751e8b465ee728b)  -> (artifact id: '1fd4d173a0a7dbc9cfd4426053ec5156') in 0.013810 seconds 
  Import took 0.019449 seconds .

========================================================================
Received Import Request.
  Time since last request: 0.000401 seconds.
  path: Assets/Prefabs/Goals/Goal_Pink.prefab
  artifactKey: Guid(d647c31aa91487b41890ab6e7a26170a) Importer(815301076,1909f56bfc062723c751e8b465ee728b)
Start importing Assets/Prefabs/Goals/Goal_Pink.prefab using Guid(d647c31aa91487b41890ab6e7a26170a) Importer(815301076,1909f56bfc062723c751e8b465ee728b)  -> (artifact id: 'bce41dc937769258261af6db6551f96b') in 0.013296 seconds 
  Import took 0.018768 seconds .

========================================================================
Received Import Request.
  Time since last request: 4.701260 seconds.
  path: Assets/Prefabs/Goals/Goal_Blue.prefab
  artifactKey: Guid(c7d2fd71a636d91478e622fc7f8909bd) Importer(815301076,1909f56bfc062723c751e8b465ee728b)
Start importing Assets/Prefabs/Goals/Goal_Blue.prefab using Guid(c7d2fd71a636d91478e622fc7f8909bd) Importer(815301076,1909f56bfc062723c751e8b465ee728b)  -> (artifact id: '67b545387b961114db92a021334cfb92') in 0.013427 seconds 
  Import took 0.018842 seconds .

========================================================================
Received Import Request.
  Time since last request: 0.000267 seconds.
  path: Assets/Prefabs/Goals/Goal_Visual.prefab
  artifactKey: Guid(cf158d3e02c1eba4693595423a7b49b8) Importer(815301076,1909f56bfc062723c751e8b465ee728b)
Start importing Assets/Prefabs/Goals/Goal_Visual.prefab using Guid(cf158d3e02c1eba4693595423a7b49b8) Importer(815301076,1909f56bfc062723c751e8b465ee728b)  -> (artifact id: 'ccff8b28b15662b4e5e6d8e78e3fb870') in 0.012131 seconds 
  Import took 0.018270 seconds .

========================================================================
Received Import Request.
  Time since last request: 0.000245 seconds.
  path: Assets/Prefabs/Goals/Goal_Pink.prefab
  artifactKey: Guid(d647c31aa91487b41890ab6e7a26170a) Importer(815301076,1909f56bfc062723c751e8b465ee728b)
Start importing Assets/Prefabs/Goals/Goal_Pink.prefab using Guid(d647c31aa91487b41890ab6e7a26170a) Importer(815301076,1909f56bfc062723c751e8b465ee728b)  -> (artifact id: 'd5f6c3f792f1f4b127454bcb52ca2de0') in 0.012817 seconds 
  Import took 0.018485 seconds .

========================================================================
Received Prepare
Registering precompiled user dll's ...
Registered in 0.005595 seconds.
Begin MonoManager ReloadAssembly
Native extension for WindowsStandalone target not found
Refreshing native plugins compatible for Editor in 0.76 ms, found 2 plugins.
Preloading 0 native plugins for Editor in 0.00 ms.
Mono: successfully reloaded assembly
- Completed reload, in  1.260 seconds
Domain Reload Profiling:
	ReloadAssembly (1260ms)
		BeginReloadAssembly (125ms)
			ExecutionOrderSort (0ms)
			DisableScriptedObjects (8ms)
			BackupInstance (0ms)
			ReleaseScriptingObjects (0ms)
			CreateAndSetChildDomain (43ms)
		EndReloadAssembly (1065ms)
			LoadAssemblies (103ms)
			RebuildTransferFunctionScriptingTraits (0ms)
			SetupTypeCache (376ms)
			ReleaseScriptCaches (1ms)
			RebuildScriptCaches (50ms)
			SetupLoadedEditorAssemblies (355ms)
				LogAssemblyErrors (0ms)
				InitializePlatformSupportModulesInManaged (4ms)
				SetLoadedEditorAssemblies (1ms)
				RefreshPlugins (1ms)
				BeforeProcessingInitializeOnLoad (104ms)
				ProcessInitializeOnLoadAttributes (232ms)
				ProcessInitializeOnLoadMethodAttributes (11ms)
				AfterProcessingInitializeOnLoad (3ms)
				EditorAssembliesLoaded (0ms)
			ExecutionOrderSort2 (0ms)
			AwakeInstancesAfterBackupRestoration (20ms)
Platform modules already initialized, skipping
Switching build target platform(19) subTarget(0) extendedPlatform(0) -> platform(13) subTarget(537395200) extendedPlatform(0)
Refreshing native plugins compatible for Editor in 0.66 ms, found 2 plugins.
Preloading 0 native plugins for Editor in 0.00 ms.
Unloading 2857 Unused Serialized files (Serialized files now loaded: 0)
System memory in use before: 199.9 MB.
System memory in use after: 200.1 MB.

Unloading 21 unused Assets to reduce memory usage. Loaded Objects now: 3545.
Total: 4.841100 ms (FindLiveObjects: 0.372900 ms CreateObjectMapping: 0.086200 ms MarkObjects: 4.349900 ms  DeleteObjects: 0.030200 ms)

AssetImportParameters requested are different than current active one (requested -> active):
  custom:framework-win-MediaFoundation: 216162199b28c13a410421893ffa2e32 -> 
  custom:video-decoder-ogg-theora: a1e56fd34408186e4bbccfd4996cb3dc -> 
  custom:container-muxer-webm: aa71ff27fc2769a1b78a27578f13a17b -> 
  custom:container-demuxer-webm: 4f35f7cbe854078d1ac9338744f61a02 -> 
  custom:container-demuxer-ogg: 62fdf1f143b41e24485cea50d1cbac27 -> 
  custom:video-encoder-webm-vp8: eb34c28f22e8b96e1ab97ce403110664 -> 
  custom:video-decoder-webm-vp8: 9c59270c3fd7afecdb556c50c9e8de78 -> 
  custom:graphics/normal-map-encoding: 01000000000000000000000000000000 -> 02000000000000000000000000000000
  custom:audio-decoder-ogg-vorbis: bf7c407c2cedff20999df2af8eb42d56 -> 
  custom:audio-encoder-webm-vorbis: bf7c407c2cedff20999df2af8eb42d56 -> 
AssetImportWorkerClient::OnTransportError - code=2 error=End of file
